Log file open, 12/26/18 14:46:32
LogWindows: Failed to load 'aqProf.dll' (GetLastError=126)
LogWindows: File 'aqProf.dll' does not exist
LogWindows: Failed to load 'VtuneApi.dll' (GetLastError=126)
LogWindows: File 'VtuneApi.dll' does not exist
LogWindows: Failed to load 'VtuneApi32e.dll' (GetLastError=126)
LogWindows: File 'VtuneApi32e.dll' does not exist
LogInit: Display: Running engine for game: SpellCastarPrototype
LogInit: Display: Project file not found: ../../../SpellCastarPrototype/SpellCastarPrototype.uproject
LogInit: Display: 	Attempting to find via project info helper.
LogUProjectInfo: Found projects:
LogPlatformFile: Not using cached read wrapper
LogInit: Display: RandInit(-770300177) SRandInit(-770300177).
LogTaskGraph: Started task graph with 5 named threads and 14 total threads with 3 sets of task threads.
LogStats: Stats thread started at 0.221256
LogD3D11RHI: Aftermath initialized
LogICUInternationalization: Display: ICU TimeZone Detection - Raw Offset: -3:00, Platform Override: ''
LogPluginManager: Mounting plugin Paper2D
LogPluginManager: Mounting plugin LightPropagationVolume
LogPluginManager: Mounting plugin CryptoKeys
LogPluginManager: Mounting plugin FacialAnimation
LogPluginManager: Mounting plugin DatasmithContent
LogPluginManager: Mounting plugin CharacterAI
LogPluginManager: Mounting plugin HTML5Networking
LogPluginManager: Mounting plugin AvfMedia
LogPluginManager: Mounting plugin ImgMedia
LogPluginManager: Mounting plugin LinearTimecode
LogPluginManager: Mounting plugin MediaCompositing
LogPluginManager: Mounting plugin WmfMedia
LogPluginManager: Mounting plugin TcpMessaging
LogPluginManager: Mounting plugin UdpMessaging
LogPluginManager: Mounting plugin ActorSequence
LogPluginManager: Mounting plugin OnlineSubsystem
LogPluginManager: Mounting plugin OnlineSubsystemNull
LogPluginManager: Mounting plugin OnlineSubsystemUtils
LogPluginManager: Mounting plugin AndroidPermission
LogPluginManager: Mounting plugin AppleARKit
LogPluginManager: Mounting plugin ProceduralMeshComponent
LogPluginManager: Mounting plugin LiveLink
LogPluginManager: Mounting plugin ArchVisCharacter
LogPluginManager: Mounting plugin AudioCapture
LogPluginManager: Mounting plugin CableComponent
LogPluginManager: Mounting plugin CustomMeshComponent
LogPluginManager: Mounting plugin ExampleDeviceProfileSelector
LogPluginManager: Mounting plugin ImmediatePhysics
LogPluginManager: Mounting plugin LocationServicesBPLibrary
LogPluginManager: Mounting plugin MobilePatchingUtils
LogPluginManager: Mounting plugin OculusVR
LogPluginManager: Mounting plugin PhysXVehicles
LogPluginManager: Mounting plugin RuntimePhysXCooking
LogPluginManager: Mounting plugin SteamVR
LogPluginManager: Mounting plugin WindowsMoviePlayer
LogStreaming: Display: Took  0.090s to configure plugins.
LogInit: Using libcurl 7.47.1
LogInit:  - built for x86_64-pc-win32
LogInit:  - supports SSL with OpenSSL/1.0.2g
LogInit:  - supports HTTP deflate (compression) using libz 1.2.8
LogInit:  - other features:
LogInit:      CURL_VERSION_SSL
LogInit:      CURL_VERSION_LIBZ
LogInit:      CURL_VERSION_IPV6
LogInit:      CURL_VERSION_ASYNCHDNS
LogInit:      CURL_VERSION_LARGEFILE
LogInit:      CURL_VERSION_IDN
LogInit:  CurlRequestOptions (configurable via config and command line):
LogInit:  - bVerifyPeer = false  - Libcurl will NOT verify peer certificate
LogInit:  - bUseHttpProxy = false  - Libcurl will NOT use HTTP proxy
LogInit:  - bDontReuseConnections = false  - Libcurl will reuse connections
LogInit:  - CertBundlePath = nullptr  - Libcurl will use whatever was configured at build time.
LogInit:  - MaxHostConnections = 16  - Libcurl will limit the number of connections to a host
LogInit:  - LocalHostAddr = Default
LogInit: WinSock: version 1.1 (2.2), MaxSocks=32767, MaxUdp=65467
LogInit: WinSock: I am PCGAMER (192.168.15.11:0)
LogInit: Build: ++UE4+Release-4.19-CL-4033788
LogInit: Engine Version: 4.19.2-4033788+++UE4+Release-4.19
LogInit: Compatible Engine Version: 4.19.0-3944462+++UE4+Release-4.19
LogInit: Net CL: 3944462
LogDevObjectVersion: Number of dev versions registered: 18
LogDevObjectVersion:   Dev-Blueprints (B0D832E4-1F89-4F0D-ACCF-7EB736FD4AA2): 10
LogDevObjectVersion:   Dev-Build (E1C64328-A22C-4D53-A36C-8E866417BD8C): 0
LogDevObjectVersion:   Dev-Core (375EC13C-06E4-48FB-B500-84F0262A717E): 2
LogDevObjectVersion:   Dev-Editor (E4B068ED-F494-42E9-A231-DA0B2E46BB41): 23
LogDevObjectVersion:   Dev-Framework (CFFC743F-43B0-4480-9391-14DF171D2073): 33
LogDevObjectVersion:   Dev-Mobile (B02B49B5-BB20-44E9-A304-32B752E40360): 2
LogDevObjectVersion:   Dev-Networking (A4E4105C-59A1-49B5-A7C5-40C4547EDFEE): 0
LogDevObjectVersion:   Dev-Online (39C831C9-5AE6-47DC-9A44-9C173E1C8E7C): 0
LogDevObjectVersion:   Dev-Physics (78F01B33-EBEA-4F98-B9B4-84EACCB95AA2): 0
LogDevObjectVersion:   Dev-Platform (6631380F-2D4D-43E0-8009-CF276956A95A): 0
LogDevObjectVersion:   Dev-Rendering (12F88B9F-8875-4AFC-A67C-D90C383ABD29): 25
LogDevObjectVersion:   Dev-Sequencer (7B5AE74C-D270-4C10-A958-57980B212A5A): 6
LogDevObjectVersion:   Dev-VR (D7296918-1DD6-4BDD-9DE2-64A83CC13884): 1
LogDevObjectVersion:   Dev-LoadTimes (C2A15278-BFE7-4AFE-6C17-90FF531DF755): 1
LogDevObjectVersion:   Private-Geometry (6EACA3D4-40EC-4CC1-B786-8BED09428FC5): 2
LogDevObjectVersion:   Dev-AnimPhys (29E575DD-E0A3-4627-9D10-D276232CDCEA): 16
LogDevObjectVersion:   Dev-ReflectionCapture (6B266CEC-1EC7-4B8F-A30B-E4D90942FC07): 1
LogDevObjectVersion:   Dev-Automation (0DF73D61-A23F-47EA-B727-89E90C41499A): 1
LogInit: Compiled (64-bit): Apr 27 2018 02:10:52
LogInit: Compiled with Visual C++: 19.00.24215.01
LogInit: Build Configuration: Development
LogInit: Branch Name: ++UE4+Release-4.19
LogInit: Command Line:  
LogInit: Base Directory: C:/Users/André/Documents/GitHub/spell-caster/Protótipos/SpellCaster_Prototype_Andre/Engine/Binaries/Win64/
LogInit: Installed Engine Build: 0
LogStreaming: Display: Took  0.002s to delete old logs.
LogInit: Presizing for max 2097152 objects, including 0 objects not considered by GC, pre-allocating 0 bytes for permanent pool.
LogStreaming: Display: Async Loading initialized: Event Driven Loader: true, Async Loading Thread: false
LogInit: Object subsystem initialized
[2018.12.26-16.46.32:656][  0]LogInit: Selected Device Profile: [WindowsNoEditor]
[2018.12.26-16.46.32:656][  0]LogInit: Applying CVar settings loaded from the selected device profile: [WindowsNoEditor]
[2018.12.26-16.46.32:663][  0]LogInit: Computer: PCGAMER
[2018.12.26-16.46.32:663][  0]LogInit: User: André
[2018.12.26-16.46.32:663][  0]LogInit: CPU Page size=4096, Cores=4
[2018.12.26-16.46.32:663][  0]LogInit: High frequency timer resolution =3.020349 MHz
[2018.12.26-16.46.32:663][  0]LogMemory: Memory total: Physical=15.9GB (16GB approx)
[2018.12.26-16.46.32:663][  0]LogMemory: Platform Memory Stats for WindowsNoEditor
[2018.12.26-16.46.32:663][  0]LogMemory: Process Physical Memory: 165.82 MB used, 165.82 MB peak
[2018.12.26-16.46.32:663][  0]LogMemory: Process Virtual Memory: 105.98 MB used, 105.98 MB peak
[2018.12.26-16.46.32:663][  0]LogMemory: Physical Memory: 7605.39 MB used,  8666.45 MB free, 16271.84 MB total
[2018.12.26-16.46.32:663][  0]LogMemory: Virtual Memory: 4463.48 MB used,  8666.45 MB free, 134217728.00 MB total
[2018.12.26-16.46.33:103][  0]LogInit: Using OS detected language (pt-BR).
[2018.12.26-16.46.33:103][  0]LogInit: Using OS detected locale (pt-BR).
[2018.12.26-16.46.33:103][  0]LogTextLocalizationManager: No localization for 'pt-BR' exists, so 'en' will be used for the language.
[2018.12.26-16.46.33:103][  0]LogTextLocalizationManager: No localization for 'pt-BR' exists, so 'en' will be used for the locale.
[2018.12.26-16.46.33:159][  0]LogStreaming: Display: Took  0.056s to EndInitTextLocalization.
[2018.12.26-16.46.33:197][  0]LogSlate: New Slate User Created.  User Index 0, Is Virtual User: 0
[2018.12.26-16.46.33:197][  0]LogSlate: Slate User Registered.  User Index 0, Is Virtual User: 0
[2018.12.26-16.46.33:201][  0]LogD3D11RHI: D3D11 adapters:
[2018.12.26-16.46.33:261][  0]LogD3D11RHI:    0. 'NVIDIA GeForce GTX 960' (Feature Level 11_0)
[2018.12.26-16.46.33:261][  0]LogD3D11RHI:       2007/0/8135 MB DedicatedVideo/DedicatedSystem/SharedSystem, Outputs:1, VendorId:0x10de
[2018.12.26-16.46.33:268][  0]LogD3D11RHI:    1. 'Intel(R) HD Graphics 4600' (Feature Level 11_0)
[2018.12.26-16.46.33:268][  0]LogD3D11RHI:       112/0/2048 MB DedicatedVideo/DedicatedSystem/SharedSystem, Outputs:1, VendorId:0x8086
[2018.12.26-16.46.33:271][  0]LogD3D11RHI:    2. 'Microsoft Basic Render Driver' (Feature Level 11_0)
[2018.12.26-16.46.33:271][  0]LogD3D11RHI:       0/0/8135 MB DedicatedVideo/DedicatedSystem/SharedSystem, Outputs:0, VendorId:0x1414
[2018.12.26-16.46.33:271][  0]LogD3D11RHI: Chosen D3D11 Adapter: 0
[2018.12.26-16.46.33:278][  0]LogD3D11RHI: Creating new Direct3DDevice
[2018.12.26-16.46.33:278][  0]LogD3D11RHI:     GPU DeviceId: 0x1401 (for the marketing name, search the web for "GPU Device Id")
[2018.12.26-16.46.33:278][  0]LogWindows: EnumDisplayDevices:
[2018.12.26-16.46.33:278][  0]LogWindows:    0. 'NVIDIA GeForce GTX 960' (P:1 D:1)
[2018.12.26-16.46.33:279][  0]LogWindows:    1. 'NVIDIA GeForce GTX 960' (P:0 D:0)
[2018.12.26-16.46.33:279][  0]LogWindows:    2. 'NVIDIA GeForce GTX 960' (P:0 D:0)
[2018.12.26-16.46.33:279][  0]LogWindows:    3. 'NVIDIA GeForce GTX 960' (P:0 D:0)
[2018.12.26-16.46.33:279][  0]LogWindows:    4. 'Intel(R) HD Graphics 4600' (P:0 D:1)
[2018.12.26-16.46.33:279][  0]LogWindows:    5. 'Intel(R) HD Graphics 4600' (P:0 D:0)
[2018.12.26-16.46.33:279][  0]LogWindows: DebugString: GetVideoDriverDetailsInvalid PrimaryIsNotTheChoosenAdapter GetVideoDriverDetailsInvalid PrimaryIsNotTheChoosenAdapter GetVideoDriverDetailsInvalid PrimaryIsNotTheChoosenAdapter GetVideoDriverDetailsInvalid PrimaryIsNotTheChoosenAdapter GetVideoDriverDetailsInvalid PrimaryIsNotTheChoosenAdapter GetVideoDriverDetailsInvalid PrimaryIsNotTheChoosenAdapter FoundDriverCount:0 
[2018.12.26-16.46.33:279][  0]LogD3D11RHI:     Adapter Name: NVIDIA GeForce GTX 960
[2018.12.26-16.46.33:279][  0]LogD3D11RHI:   Driver Version: Unknown (internal:Unknown, unified:Unknown)
[2018.12.26-16.46.33:279][  0]LogD3D11RHI:      Driver Date: Unknown
[2018.12.26-16.46.33:279][  0]LogRHI: Texture pool is 1405 MB (70% of 2007 MB)
[2018.12.26-16.46.33:322][  0]LogD3D11RHI: [Aftermath] Aftermath enabled and primed
[2018.12.26-16.46.33:322][  0]LogD3D11RHI: [Aftermath] Aftermath enabled and primed
[2018.12.26-16.46.33:322][  0]LogD3D11RHI: Async texture creation enabled
[2018.12.26-16.46.33:348][  0]LogD3D11RHI: GPU Timing Frequency: 1000.000000 (Debug: 2 2)
[2018.12.26-16.46.33:551][  0]LogMaterial: Verifying Global Shaders for PCD3D_SM5
[2018.12.26-16.46.33:552][  0]LogSlate: Using Freetype 2.6.0
[2018.12.26-16.46.33:570][  0]LogSlate: SlateFontCache - WITH_FREETYPE: 1, WITH_HARFBUZZ: 1
[2018.12.26-16.46.33:570][  0]LogSlate: SlateFontCache - WITH_FREETYPE: 1, WITH_HARFBUZZ: 1
[2018.12.26-16.46.33:671][  0]LogAssetRegistry: FAssetRegistry took 0.0294 seconds to start up
[2018.12.26-16.46.33:770][  0]LogPackageLocalizationCache: Processed 9 localized package path(s) for 1 prioritized culture(s) in 0.004872 seconds
[2018.12.26-16.46.33:770][  0]LogPakFile: New pak file ../../../SpellCastarPrototype/Content/Paks/SpellCastarPrototype-WindowsNoEditor.pak added to pak precacher.
[2018.12.26-16.46.33:805][  0]LogInit: Selected Device Profile: [WindowsNoEditor]
[2018.12.26-16.46.33:924][  0]LogNetVersion: SpellCastarPrototype , NetCL: 3944462, EngineNetVer: 2, GameNetVer: 0 (Checksum: 367591067)
[2018.12.26-16.46.34:150][  0]LogMoviePlayer: Initializing movie player
[2018.12.26-16.46.34:300][  0]LogAndroidPermission: UAndroidPermissionCallbackProxy::GetInstance
[2018.12.26-16.46.34:300][  0]LogOcInput: OculusInput pre-init called
[2018.12.26-16.46.34:304][  0]LogUObjectArray: 32150 objects as part of root set at end of initial load.
[2018.12.26-16.46.34:304][  0]LogUObjectAllocator: 5924816 out of 0 bytes used by permanent object pool.
[2018.12.26-16.46.34:304][  0]LogUObjectArray: CloseDisregardForGC: 0/0 objects in disregard for GC pool
[2018.12.26-16.46.34:316][  0]LogEngine: Initializing Engine...
[2018.12.26-16.46.34:411][  0]LogHMD: Failed to initialize OpenVR with code 110
[2018.12.26-16.46.34:423][  0]LogStats: UGameplayTagsManager::ConstructGameplayTagTree: Construct from data asset -  0.000 s
[2018.12.26-16.46.34:423][  0]LogStats: UGameplayTagsManager::ConstructGameplayTagTree: GameplayTagTreeChangedEvent.Broadcast -  0.000 s
[2018.12.26-16.46.34:824][  0]LogInit: XAudio2 using 'Alto-falantes (Realtek High Definition Audio)' : 2 channels at 48 kHz using 32 bits per sample (channel mask 0x3)
[2018.12.26-16.46.34:840][  0]LogInit: FAudioDevice initialized.
[2018.12.26-16.46.34:852][  0]LogInit: Texture streaming: Enabled
[2018.12.26-16.46.34:924][  0]LogInit: Display: Game Engine Initialized.
[2018.12.26-16.46.34:924][  0]LogGameplayTags: Display: UGameplayTagsManager::DoneAddingNativeTags. DelegateIsBound: 0
[2018.12.26-16.46.34:924][  0]LogStats: UGameplayTagsManager::ConstructGameplayTagTree: Construct from data asset -  0.000 s
[2018.12.26-16.46.34:924][  0]LogStats: UGameplayTagsManager::ConstructGameplayTagTree: GameplayTagTreeChangedEvent.Broadcast -  0.000 s
[2018.12.26-16.46.34:934][  0]LogInit: Display: Starting Game.
[2018.12.26-16.46.34:934][  0]LogNet: Browse: /Game/SpellCaster?Name=Player
[2018.12.26-16.46.34:935][  0]LogLoad: LoadMap: /Game/SpellCaster?Name=Player
[2018.12.26-16.46.35:032][  0]LogModelComponent: Model /Game/SpellCaster.SpellCaster:PersistentLevel.ModelComponent_115 has elements that reference missing vertices. MaxVertex=3, NumVertices=0
[2018.12.26-16.46.35:032][  0]LogModelComponent: Model /Game/SpellCaster.SpellCaster:PersistentLevel.ModelComponent_116 has elements that reference missing vertices. MaxVertex=11, NumVertices=0
[2018.12.26-16.46.35:032][  0]LogModelComponent: Model /Game/SpellCaster.SpellCaster:PersistentLevel.ModelComponent_116 has elements that reference missing vertices. MaxVertex=15, NumVertices=0
[2018.12.26-16.46.35:032][  0]LogModelComponent: Model /Game/SpellCaster.SpellCaster:PersistentLevel.ModelComponent_116 has elements that reference missing vertices. MaxVertex=19, NumVertices=0
[2018.12.26-16.46.35:032][  0]LogModelComponent: Model /Game/SpellCaster.SpellCaster:PersistentLevel.ModelComponent_116 has elements that reference missing vertices. MaxVertex=67, NumVertices=0
[2018.12.26-16.46.35:032][  0]LogModelComponent: Model /Game/SpellCaster.SpellCaster:PersistentLevel.ModelComponent_116 has elements that reference missing vertices. MaxVertex=71, NumVertices=0
[2018.12.26-16.46.35:032][  0]LogModelComponent: Model /Game/SpellCaster.SpellCaster:PersistentLevel.ModelComponent_116 has elements that reference missing vertices. MaxVertex=7, NumVertices=0
[2018.12.26-16.46.35:032][  0]LogModelComponent: Model /Game/SpellCaster.SpellCaster:PersistentLevel.ModelComponent_116 has elements that reference missing vertices. MaxVertex=83, NumVertices=0
[2018.12.26-16.46.35:032][  0]LogModelComponent: Model /Game/SpellCaster.SpellCaster:PersistentLevel.ModelComponent_116 has elements that reference missing vertices. MaxVertex=99, NumVertices=0
[2018.12.26-16.46.35:032][  0]LogModelComponent: Model /Game/SpellCaster.SpellCaster:PersistentLevel.ModelComponent_116 has elements that reference missing vertices. MaxVertex=103, NumVertices=0
[2018.12.26-16.46.35:032][  0]LogModelComponent: Model /Game/SpellCaster.SpellCaster:PersistentLevel.ModelComponent_116 has elements that reference missing vertices. MaxVertex=51, NumVertices=0
[2018.12.26-16.46.35:032][  0]LogModelComponent: Model /Game/SpellCaster.SpellCaster:PersistentLevel.ModelComponent_117 has elements that reference missing vertices. MaxVertex=23, NumVertices=0
[2018.12.26-16.46.35:033][  0]LogModelComponent: Model /Game/SpellCaster.SpellCaster:PersistentLevel.ModelComponent_118 has elements that reference missing vertices. MaxVertex=27, NumVertices=0
[2018.12.26-16.46.35:033][  0]LogModelComponent: Model /Game/SpellCaster.SpellCaster:PersistentLevel.ModelComponent_118 has elements that reference missing vertices. MaxVertex=31, NumVertices=0
[2018.12.26-16.46.35:033][  0]LogModelComponent: Model /Game/SpellCaster.SpellCaster:PersistentLevel.ModelComponent_118 has elements that reference missing vertices. MaxVertex=39, NumVertices=0
[2018.12.26-16.46.35:033][  0]LogModelComponent: Model /Game/SpellCaster.SpellCaster:PersistentLevel.ModelComponent_118 has elements that reference missing vertices. MaxVertex=55, NumVertices=0
[2018.12.26-16.46.35:033][  0]LogModelComponent: Model /Game/SpellCaster.SpellCaster:PersistentLevel.ModelComponent_118 has elements that reference missing vertices. MaxVertex=59, NumVertices=0
[2018.12.26-16.46.35:033][  0]LogModelComponent: Model /Game/SpellCaster.SpellCaster:PersistentLevel.ModelComponent_118 has elements that reference missing vertices. MaxVertex=63, NumVertices=0
[2018.12.26-16.46.35:033][  0]LogModelComponent: Model /Game/SpellCaster.SpellCaster:PersistentLevel.ModelComponent_118 has elements that reference missing vertices. MaxVertex=87, NumVertices=0
[2018.12.26-16.46.35:033][  0]LogModelComponent: Model /Game/SpellCaster.SpellCaster:PersistentLevel.ModelComponent_118 has elements that reference missing vertices. MaxVertex=35, NumVertices=0
[2018.12.26-16.46.35:033][  0]LogModelComponent: Model /Game/SpellCaster.SpellCaster:PersistentLevel.ModelComponent_118 has elements that reference missing vertices. MaxVertex=75, NumVertices=0
[2018.12.26-16.46.35:033][  0]LogModelComponent: Model /Game/SpellCaster.SpellCaster:PersistentLevel.ModelComponent_118 has elements that reference missing vertices. MaxVertex=79, NumVertices=0
[2018.12.26-16.46.35:033][  0]LogModelComponent: Model /Game/SpellCaster.SpellCaster:PersistentLevel.ModelComponent_118 has elements that reference missing vertices. MaxVertex=91, NumVertices=0
[2018.12.26-16.46.35:033][  0]LogModelComponent: Model /Game/SpellCaster.SpellCaster:PersistentLevel.ModelComponent_118 has elements that reference missing vertices. MaxVertex=95, NumVertices=0
[2018.12.26-16.46.35:033][  0]LogModelComponent: Model /Game/SpellCaster.SpellCaster:PersistentLevel.ModelComponent_118 has elements that reference missing vertices. MaxVertex=43, NumVertices=0
[2018.12.26-16.46.35:033][  0]LogModelComponent: Model /Game/SpellCaster.SpellCaster:PersistentLevel.ModelComponent_118 has elements that reference missing vertices. MaxVertex=47, NumVertices=0
[2018.12.26-16.46.35:034][  0]LogAIModule: Creating AISystem for world SpellCaster
[2018.12.26-16.46.35:035][  0]LogLoad: Game class is 'SpellCaster_Gamemode_C'
[2018.12.26-16.46.35:060][  0]LogWorld: Bringing World /Game/SpellCaster.SpellCaster up for play (max tick rate 0) at 2018.12.26-14.46.35
[2018.12.26-16.46.35:065][  0]LogWorld: Bringing up level for play took: 0.029772
[2018.12.26-16.46.35:067][  0]LogUMG: Display: Widget Class Score_C - Loaded Fast Template.
[2018.12.26-16.46.35:068][  0]LogLoad: Took 0.133701 seconds to LoadMap(/Game/SpellCaster)
[2018.12.26-16.46.35:087][  0]LogSlate: Took 0.018381 seconds to synchronously load lazily loaded font '../../../Engine/Content/EngineFonts/Faces/RobotoBold.ufont' (160K)
[2018.12.26-16.46.35:121][  0]LogLoad: (Engine Initialization) Total time: 3.15 seconds
[2018.12.26-16.46.35:190][  0]LogRenderer: Reallocating scene render targets to support 1440x900 Format 10 NumSamples 1 (Frame:1).
[2018.12.26-16.46.35:231][  0]LogContentStreaming: Texture pool size now 1000 MB
[2018.12.26-16.46.35:441][  1]LogInput: Error: Duplicate mapping of key MouseX for axis MovimentoLateral
[2018.12.26-16.46.37:015][ 98]LogSlate: Request Window 'SpellCastarPrototype (64-bit, PCD3D_SM5) ' being destroyed
[2018.12.26-16.46.37:043][ 98]LogSlate: Window 'SpellCastarPrototype (64-bit, PCD3D_SM5) ' being destroyed
[2018.12.26-16.46.37:044][ 98]LogWindowsTextInputMethodSystem: Display: IME system now deactivated.
[2018.12.26-16.46.37:049][ 98]LogEngine: All Windows Closed
[2018.12.26-16.46.37:049][ 98]LogWindows: FPlatformMisc::RequestExit(0)
[2018.12.26-16.46.37:433][ 99]LogSlate: Slate User Destroyed.  User Index 0, Is Virtual User: 0
[2018.12.26-16.46.37:433][ 99]LogExit: Preparing to exit.
[2018.12.26-16.46.37:433][ 99]LogMoviePlayer: Shutting down movie player
[2018.12.26-16.46.37:443][ 99]LogExit: Game engine shut down
[2018.12.26-16.46.37:472][ 99]LogExit: Object subsystem successfully closed.
[2018.12.26-16.46.37:550][ 99]LogD3D11RHI: Shutdown
[2018.12.26-16.46.37:550][ 99]LogD3D11RHI: CleanupD3DDevice
[2018.12.26-16.46.37:568][ 99]LogD3D11RHI: ~FD3D11DynamicRHI
[2018.12.26-16.46.37:568][ 99]LogModuleManager: Shutting down and abandoning module AutomationController (176)
[2018.12.26-16.46.37:568][ 99]LogModuleManager: Shutting down and abandoning module AutomationWorker (174)
[2018.12.26-16.46.37:568][ 99]LogModuleManager: Shutting down and abandoning module AIModule (172)
[2018.12.26-16.46.37:568][ 99]LogModuleManager: Shutting down and abandoning module GameplayDebugger (171)
[2018.12.26-16.46.37:568][ 99]LogModuleManager: Shutting down and abandoning module WmfMediaFactory (168)
[2018.12.26-16.46.37:568][ 99]LogModuleManager: Shutting down and abandoning module OpenExrWrapper (166)
[2018.12.26-16.46.37:568][ 99]LogModuleManager: Shutting down and abandoning module ImgMediaFactory (164)
[2018.12.26-16.46.37:568][ 99]LogModuleManager: Shutting down and abandoning module AvfMediaFactory (162)
[2018.12.26-16.46.37:568][ 99]LogModuleManager: Shutting down and abandoning module CharacterAI (160)
[2018.12.26-16.46.37:568][ 99]LogModuleManager: Shutting down and abandoning module SessionServices (158)
[2018.12.26-16.46.37:568][ 99]LogModuleManager: Shutting down and abandoning module MovieSceneTracks (156)
[2018.12.26-16.46.37:568][ 99]LogModuleManager: Shutting down and abandoning module MovieScene (154)
[2018.12.26-16.46.37:568][ 99]LogModuleManager: Shutting down and abandoning module GeometryCache (152)
[2018.12.26-16.46.37:568][ 99]LogModuleManager: Shutting down and abandoning module StreamingPauseRendering (150)
[2018.12.26-16.46.37:568][ 99]LogModuleManager: Shutting down and abandoning module AnalyticsET (148)
[2018.12.26-16.46.37:568][ 99]LogModuleManager: Shutting down and abandoning module ProfilerService (146)
[2018.12.26-16.46.37:815][ 99]LogModuleManager: Shutting down and abandoning module TaskGraph (144)
[2018.12.26-16.46.37:815][ 99]LogModuleManager: Shutting down and abandoning module SteamVRController (142)
[2018.12.26-16.46.37:815][ 99]LogModuleManager: Shutting down and abandoning module OculusInput (140)
[2018.12.26-16.46.37:815][ 99]LogModuleManager: Shutting down and abandoning module MobilePatchingUtils (138)
[2018.12.26-16.46.37:815][ 99]LogModuleManager: Shutting down and abandoning module CustomMeshComponent (136)
[2018.12.26-16.46.37:815][ 99]LogModuleManager: Shutting down and abandoning module CableComponent (134)
[2018.12.26-16.46.37:815][ 99]LogModuleManager: Shutting down and abandoning module AudioCapture (132)
[2018.12.26-16.46.37:815][ 99]LogModuleManager: Shutting down and abandoning module ArchVisCharacter (130)
[2018.12.26-16.46.37:815][ 99]LogModuleManager: Shutting down and abandoning module ProceduralMeshComponent (128)
[2018.12.26-16.46.37:815][ 99]LogModuleManager: Shutting down and abandoning module AndroidPermission (126)
[2018.12.26-16.46.37:815][ 99]LogModuleManager: Shutting down and abandoning module MediaCompositing (122)
[2018.12.26-16.46.37:815][ 99]LogModuleManager: Shutting down and abandoning module LinearTimecode (120)
[2018.12.26-16.46.37:815][ 99]LogModuleManager: Shutting down and abandoning module ImgMedia (118)
[2018.12.26-16.46.37:826][ 99]LogModuleManager: Shutting down and abandoning module HTML5Networking (116)
[2018.12.26-16.46.37:826][ 99]LogModuleManager: Shutting down and abandoning module DatasmithContent (114)
[2018.12.26-16.46.37:826][ 99]LogModuleManager: Shutting down and abandoning module RuntimePhysXCooking (112)
[2018.12.26-16.46.37:826][ 99]LogModuleManager: Shutting down and abandoning module PhysXVehicles (110)
[2018.12.26-16.46.37:826][ 99]LogModuleManager: Shutting down and abandoning module LocationServicesBPLibrary (108)
[2018.12.26-16.46.37:827][ 99]LogModuleManager: Shutting down and abandoning module ImmediatePhysics (106)
[2018.12.26-16.46.37:827][ 99]LogModuleManager: Shutting down and abandoning module LiveLink (104)
[2018.12.26-16.46.38:205][ 99]LogModuleManager: Shutting down and abandoning module ActorSequence (102)
[2018.12.26-16.46.38:205][ 99]LogModuleManager: Shutting down and abandoning module UdpMessaging (100)
[2018.12.26-16.46.38:205][ 99]LogModuleManager: Shutting down and abandoning module TcpMessaging (98)
[2018.12.26-16.46.38:205][ 99]LogModuleManager: Shutting down and abandoning module FacialAnimation (96)
[2018.12.26-16.46.38:205][ 99]LogModuleManager: Shutting down and abandoning module LightPropagationVolumeRuntime (94)
[2018.12.26-16.46.38:205][ 99]LogModuleManager: Shutting down and abandoning module Paper2D (92)
[2018.12.26-16.46.38:205][ 99]LogModuleManager: Shutting down and abandoning module WindowsMoviePlayer (90)
[2018.12.26-16.46.38:205][ 99]LogModuleManager: Shutting down and abandoning module WmfMedia (88)
[2018.12.26-16.46.38:216][ 99]LogModuleManager: Shutting down and abandoning module PacketHandler (86)
[2018.12.26-16.46.38:216][ 99]LogModuleManager: Shutting down and abandoning module ClothingSystemRuntime (84)
[2018.12.26-16.46.38:370][ 99]LogModuleManager: Shutting down and abandoning module MediaAssets (82)
[2018.12.26-16.46.38:370][ 99]LogModuleManager: Shutting down and abandoning module Overlay (80)
[2018.12.26-16.46.38:370][ 99]LogModuleManager: Shutting down and abandoning module UMG (78)
[2018.12.26-16.46.38:370][ 99]LogModuleManager: Shutting down and abandoning module SlateReflector (76)
[2018.12.26-16.46.38:370][ 99]LogModuleManager: Shutting down and abandoning module Slate (74)
[2018.12.26-16.46.38:370][ 99]LogModuleManager: Shutting down and abandoning module MRMesh (72)
[2018.12.26-16.46.38:370][ 99]LogModuleManager: Shutting down and abandoning module Messaging (70)
[2018.12.26-16.46.38:370][ 99]LogModuleManager: Shutting down and abandoning module HeadMountedDisplay (68)
[2018.12.26-16.46.38:370][ 99]LogModuleManager: Shutting down and abandoning module XAudio2 (66)
[2018.12.26-16.46.38:370][ 99]LogModuleManager: Shutting down and abandoning module Networking (64)
[2018.12.26-16.46.38:370][ 99]LogModuleManager: Shutting down and abandoning module Core (62)
[2018.12.26-16.46.38:370][ 99]LogModuleManager: Shutting down and abandoning module LevelSequence (60)
[2018.12.26-16.46.38:370][ 99]LogModuleManager: Shutting down and abandoning module Media (58)
[2018.12.26-16.46.38:376][ 99]LogModuleManager: Shutting down and abandoning module ImageWrapper (54)
[2018.12.26-16.46.38:376][ 99]LogModuleManager: Shutting down and abandoning module InputCore (52)
[2018.12.26-16.46.38:376][ 99]LogModuleManager: Shutting down and abandoning module PhysXCooking (50)
[2018.12.26-16.46.38:376][ 99]LogModuleManager: Shutting down and abandoning module SteamVR (48)
[2018.12.26-16.46.38:376][ 99]LogModuleManager: Shutting down and abandoning module OculusHMD (46)
[2018.12.26-16.46.38:376][ 99]LogModuleManager: Shutting down and abandoning module ExampleDeviceProfileSelector (44)
[2018.12.26-16.46.38:376][ 99]LogModuleManager: Shutting down and abandoning module AppleARKit (42)
[2018.12.26-16.46.38:376][ 99]LogModuleManager: Shutting down and abandoning module AugmentedReality (39)
[2018.12.26-16.46.38:376][ 99]LogModuleManager: Shutting down and abandoning module OnlineSubsystem (34)
[2018.12.26-16.46.38:376][ 99]LogModuleManager: Shutting down and abandoning module HTTP (33)
[2018.12.26-16.46.38:376][ 99]LogHttp: Display: Http module shutting down, but needs to wait on 1 outstanding Http requests:
[2018.12.26-16.46.38:376][ 99]LogHttp: Display: 	verb=[POST] url=[https://datarouter.ol.epicgames.com/datarouter/api/v1/public/data?SessionID=%7B184A23DA-494D-BE9C-7444-3A9AC76C4F78%7D&AppID=UEGame.Rocket.Release%7C1858DDA14924DC8C051451B3F6D90AD6%7CUE4Game&AppVersion=4.19.2-4033788%2B%2B%2BUE4%2BRelease-4.19&UserID=ANON-%7B3BC6E6A8-4609-191A-B26D-BB94B4F2A7C3%7D%7C%7C&AppEnvironment=datacollector-binary&UploadType=eteventstream] status=Processing
[2018.12.26-16.46.38:376][ 99]LogHttp: Display: Sleeping 0.5s to wait for 1 outstanding Http requests.
[2018.12.26-16.46.38:880][ 99]LogModuleManager: Shutting down and abandoning module SSL (32)
[2018.12.26-16.46.38:880][ 99]LogModuleManager: Shutting down and abandoning module ShaderCore (28)
[2018.12.26-16.46.38:880][ 99]LogModuleManager: Shutting down and abandoning module Landscape (26)
[2018.12.26-16.46.38:880][ 99]LogModuleManager: Shutting down and abandoning module SlateRHIRenderer (24)
[2018.12.26-16.46.38:881][ 99]LogModuleManager: Shutting down and abandoning module OpenGLDrv (22)
[2018.12.26-16.46.38:881][ 99]LogModuleManager: Shutting down and abandoning module D3D11RHI (20)
[2018.12.26-16.46.38:881][ 99]LogModuleManager: Shutting down and abandoning module AnimGraphRuntime (18)
[2018.12.26-16.46.38:881][ 99]LogModuleManager: Shutting down and abandoning module Renderer (16)
[2018.12.26-16.46.38:881][ 99]LogModuleManager: Shutting down and abandoning module Engine (14)
[2018.12.26-16.46.38:881][ 99]LogModuleManager: Shutting down and abandoning module CoreUObject (12)
[2018.12.26-16.46.38:881][ 99]LogModuleManager: Shutting down and abandoning module NetworkFile (10)
[2018.12.26-16.46.38:881][ 99]LogModuleManager: Shutting down and abandoning module CookedIterativeFile (8)
[2018.12.26-16.46.38:881][ 99]LogModuleManager: Shutting down and abandoning module StreamingFile (6)
[2018.12.26-16.46.38:881][ 99]LogModuleManager: Shutting down and abandoning module SandboxFile (4)
[2018.12.26-16.46.38:881][ 99]LogModuleManager: Shutting down and abandoning module PakFile (2)
[2018.12.26-16.46.38:882][ 99]LogExit: Exiting.
[2018.12.26-16.46.38:883][ 99]Log file closed, 12/26/18 14:46:38
